<?xml version="1.0" encoding="UTF-8"?>
<testng-results ignored="0" total="1" passed="1" failed="0" skipped="0">
  <reporter-output>
  </reporter-output>
  <suite started-at="2023-11-03T15:32:17 IST" name="Default suite" finished-at="2023-11-03T15:32:20 IST" duration-ms="2446">
    <groups>
    </groups>
    <test started-at="2023-11-03T15:32:17 IST" name="Default test" finished-at="2023-11-03T15:32:20 IST" duration-ms="2446">
      <class name="cookies.getAllCookies">
        <test-method signature="getAll()[pri:0, instance:cookies.getAllCookies@5fbdfdcf]" started-at="2023-11-03T15:32:18 IST" name="getAll" finished-at="2023-11-03T15:32:20 IST" duration-ms="2391" status="PASS">
          <reporter-output>
          </reporter-output>
        </test-method> <!-- getAll -->
      </class> <!-- cookies.getAllCookies -->
    </test> <!-- Default test -->
  </suite> <!-- Default suite -->
</testng-results>
