<?xml version="1.0" encoding="UTF-8"?>
<!-- Generated by org.testng.reporters.JUnitReportReporter -->
<testsuite hostname="LAPTOP-Q7SB5MFU" failures="0" tests="3" name="Practice.dataProvider" time="1.948" errors="0" timestamp="2023-10-30T15:48:41 IST" skipped="0">
  <testcase classname="Practice.dataProvider" name="AddProjectDP" time="0.079"/>
  <system-out/>
  <testcase classname="Practice.dataProvider" name="AddProjectDP" time="1.806"/>
  <system-out/>
  <testcase classname="Practice.dataProvider" name="AddProjectDP" time="0.063"/>
  <system-out/>
</testsuite> <!-- Practice.dataProvider -->
